[2017-02-13 10:46:05][debug] begin notify
[2017-02-13 10:46:05][debug] call back:{"appid":"wx0123ecebdaede5ca","attach":"test","bank_type":"GRCB_DEBIT","cash_fee":"1","fee_type":"CNY","is_subscribe":"Y","mch_id":"1436927502","nonce_str":"6dxwav50ahbz0u3mitapyhynjdolv2ij","openid":"oyJzpv0QNPQ0ryKTE1XnUcQXVmXc","out_trade_no":"14369275022017021349535757","result_code":"SUCCESS","return_code":"SUCCESS","sign":"96B0070C62088AF986D5FBEB1FE4CF7D","time_end":"20170213104605","total_fee":"1","trade_type":"JSAPI","transaction_id":"4006962001201702139756602438"}
[2017-02-13 10:46:06][debug] query:{"appid":"wx0123ecebdaede5ca","attach":"test","bank_type":"GRCB_DEBIT","cash_fee":"1","fee_type":"CNY","is_subscribe":"Y","mch_id":"1436927502","nonce_str":"SGKK64iv4H7TLsSH","openid":"oyJzpv0QNPQ0ryKTE1XnUcQXVmXc","out_trade_no":"14369275022017021349535757","result_code":"SUCCESS","return_code":"SUCCESS","return_msg":"OK","sign":"3915E79620DF9D9AEF89FB88FF1F443D","time_end":"20170213104605","total_fee":"1","trade_state":"SUCCESS","trade_type":"JSAPI","transaction_id":"4006962001201702139756602438"}
[2017-02-13 10:54:29][debug] begin notify
[2017-02-13 10:54:32][debug] begin notify
[2017-02-13 10:56:57][debug] begin notify
[2017-02-13 10:57:07][debug] begin notify
[2017-02-13 10:57:15][debug] begin notify
[2017-02-13 10:59:25][debug] begin notify
[2017-02-13 11:01:11][debug] begin notify
[2017-02-13 11:01:11][debug] call back:{"appid":"wx0123ecebdaede5ca","attach":"test","bank_type":"CFT","cash_fee":"1","fee_type":"CNY","is_subscribe":"Y","mch_id":"1436927502","nonce_str":"2wd2kcrsmbypnjh42majln4i46dzktkq","openid":"oyJzpv0iH6i8VDT0BJytZxA7IH7E","out_trade_no":"14369275022017021350551019","result_code":"SUCCESS","return_code":"SUCCESS","sign":"55EC290B4D20301C52E8FFC1C0927FC9","time_end":"20170213110109","total_fee":"1","trade_type":"JSAPI","transaction_id":"4008712001201702139758607372"}
[2017-02-13 11:01:12][debug] query:{"appid":"wx0123ecebdaede5ca","attach":"test","bank_type":"CFT","cash_fee":"1","fee_type":"CNY","is_subscribe":"Y","mch_id":"1436927502","nonce_str":"MsbzSzuzt3Yb1tEd","openid":"oyJzpv0iH6i8VDT0BJytZxA7IH7E","out_trade_no":"14369275022017021350551019","result_code":"SUCCESS","return_code":"SUCCESS","return_msg":"OK","sign":"A18CEE0DCC9C906CAA2BC7DB82525C33","time_end":"20170213110109","total_fee":"1","trade_state":"SUCCESS","trade_type":"JSAPI","transaction_id":"4008712001201702139758607372"}
[2017-02-13 11:05:21][debug] begin notify
[2017-02-13 11:05:21][debug] call back:{"appid":"wx0123ecebdaede5ca","attach":"test","bank_type":"CFT","cash_fee":"1","fee_type":"CNY","is_subscribe":"Y","mch_id":"1436927502","nonce_str":"kryji4g7p4hkio7cdak6r2lwsndzv798","openid":"oyJzpv0iH6i8VDT0BJytZxA7IH7E","out_trade_no":"14369275022017021351485251","result_code":"SUCCESS","return_code":"SUCCESS","sign":"D1990F96BAA0C45ECEF3644DD192E074","time_end":"20170213110520","total_fee":"1","trade_type":"JSAPI","transaction_id":"4008712001201702139758728168"}
[2017-02-13 11:05:22][debug] query:{"appid":"wx0123ecebdaede5ca","attach":"test","bank_type":"CFT","cash_fee":"1","fee_type":"CNY","is_subscribe":"Y","mch_id":"1436927502","nonce_str":"B0KOfSG5EXohoHcC","openid":"oyJzpv0iH6i8VDT0BJytZxA7IH7E","out_trade_no":"14369275022017021351485251","result_code":"SUCCESS","return_code":"SUCCESS","return_msg":"OK","sign":"39C8BB1E98A70C30059362CFA8BDBC6D","time_end":"20170213110520","total_fee":"1","trade_state":"SUCCESS","trade_type":"JSAPI","transaction_id":"4008712001201702139758728168"}
[2017-02-13 11:07:35][debug] begin notify
[2017-02-13 11:07:35][debug] call back:{"appid":"wx0123ecebdaede5ca","attach":"test","bank_type":"CFT","cash_fee":"1","fee_type":"CNY","is_subscribe":"Y","mch_id":"1436927502","nonce_str":"lwuf62o68k7wz8oa6yx4hm95w77gvw0e","openid":"oyJzpv0iH6i8VDT0BJytZxA7IH7E","out_trade_no":"14369275022017021310097525","result_code":"SUCCESS","return_code":"SUCCESS","sign":"75AA97800416B56D65CBE4A87E0220FE","time_end":"20170213110735","total_fee":"1","trade_type":"JSAPI","transaction_id":"4008712001201702139758853641"}
[2017-02-13 11:07:36][debug] query:{"appid":"wx0123ecebdaede5ca","attach":"test","bank_type":"CFT","cash_fee":"1","fee_type":"CNY","is_subscribe":"Y","mch_id":"1436927502","nonce_str":"Xfj8VUc1flqxOndV","openid":"oyJzpv0iH6i8VDT0BJytZxA7IH7E","out_trade_no":"14369275022017021310097525","result_code":"SUCCESS","return_code":"SUCCESS","return_msg":"OK","sign":"96A667D6ACC5612A5D6E881F2E0637E0","time_end":"20170213110735","total_fee":"1","trade_state":"SUCCESS","trade_type":"JSAPI","transaction_id":"4008712001201702139758853641"}
[2017-02-13 11:09:00][debug] begin notify
[2017-02-13 11:09:00][debug] call back:{"appid":"wx0123ecebdaede5ca","attach":"test","bank_type":"CFT","cash_fee":"1","fee_type":"CNY","is_subscribe":"Y","mch_id":"1436927502","nonce_str":"r63bhg1x0yj2jy1gnc6iehu1hukncfxk","openid":"oyJzpv0iH6i8VDT0BJytZxA7IH7E","out_trade_no":"14369275022017021350514997","result_code":"SUCCESS","return_code":"SUCCESS","sign":"6BFF11FC31D31003641811E9DA989E6D","time_end":"20170213110900","total_fee":"1","trade_type":"JSAPI","transaction_id":"4008712001201702139758880507"}
[2017-02-13 11:09:01][debug] query:{"appid":"wx0123ecebdaede5ca","attach":"test","bank_type":"CFT","cash_fee":"1","fee_type":"CNY","is_subscribe":"Y","mch_id":"1436927502","nonce_str":"UsWHssdgLd1wb5mF","openid":"oyJzpv0iH6i8VDT0BJytZxA7IH7E","out_trade_no":"14369275022017021350514997","result_code":"SUCCESS","return_code":"SUCCESS","return_msg":"OK","sign":"594EC4D6E99158BCF1D7000D38DC0E71","time_end":"20170213110900","total_fee":"1","trade_state":"SUCCESS","trade_type":"JSAPI","transaction_id":"4008712001201702139758880507"}
[2017-02-13 11:11:07][debug] begin notify
[2017-02-13 11:11:07][debug] call back:{"appid":"wx0123ecebdaede5ca","attach":"test","bank_type":"CFT","cash_fee":"1","fee_type":"CNY","is_subscribe":"Y","mch_id":"1436927502","nonce_str":"o1j9ujs03n4v421pb10uqrow1bcsy2fl","openid":"oyJzpv0iH6i8VDT0BJytZxA7IH7E","out_trade_no":"14369275022017021349100535","result_code":"SUCCESS","return_code":"SUCCESS","sign":"AFB404698D27E3B28488D26EC69FC1D1","time_end":"20170213111107","total_fee":"1","trade_type":"JSAPI","transaction_id":"4008712001201702139755846830"}
[2017-02-13 11:11:08][debug] query:{"appid":"wx0123ecebdaede5ca","attach":"test","bank_type":"CFT","cash_fee":"1","fee_type":"CNY","is_subscribe":"Y","mch_id":"1436927502","nonce_str":"H3qfDjknXCu6LOwQ","openid":"oyJzpv0iH6i8VDT0BJytZxA7IH7E","out_trade_no":"14369275022017021349100535","result_code":"SUCCESS","return_code":"SUCCESS","return_msg":"OK","sign":"9BA15E06CD30603C30B2C361D2417BC9","time_end":"20170213111107","total_fee":"1","trade_state":"SUCCESS","trade_type":"JSAPI","transaction_id":"4008712001201702139755846830"}
[2017-02-13 11:30:49][debug] begin notify
[2017-02-13 11:30:49][debug] call back:{"appid":"wx0123ecebdaede5ca","attach":"test","bank_type":"CFT","cash_fee":"1","fee_type":"CNY","is_subscribe":"Y","mch_id":"1436927502","nonce_str":"2num4n9kfwfh84fj4xl6saaig0gn4efk","openid":"oyJzpv0iH6i8VDT0BJytZxA7IH7E","out_trade_no":"14369275022017021310210150","result_code":"SUCCESS","return_code":"SUCCESS","sign":"63E09A80F0789B06E2D6D82CA7892B10","time_end":"20170213113049","total_fee":"1","trade_type":"JSAPI","transaction_id":"4008712001201702139757937652"}
[2017-02-13 11:30:50][debug] query:{"appid":"wx0123ecebdaede5ca","attach":"test","bank_type":"CFT","cash_fee":"1","fee_type":"CNY","is_subscribe":"Y","mch_id":"1436927502","nonce_str":"UcsDmCiHQxODPpV2","openid":"oyJzpv0iH6i8VDT0BJytZxA7IH7E","out_trade_no":"14369275022017021310210150","result_code":"SUCCESS","return_code":"SUCCESS","return_msg":"OK","sign":"9134336B561CB9703902F92E619F6A6E","time_end":"20170213113049","total_fee":"1","trade_state":"SUCCESS","trade_type":"JSAPI","transaction_id":"4008712001201702139757937652"}
